/*C4*/SET SCHEMA PUBLIC
DISCONNECT
/*C5*/SET SCHEMA AEROLINEA
DELETE FROM AEROLINEA WHERE OID='40288193841cd42c01841cd500510001'
COMMIT
DELETE FROM AEROLINEA WHERE OID='402881f9841ebadb01841ebd2b730001'
COMMIT
DELETE FROM AEROLINEA WHERE OID='ff808081841e7fb101841e8093270000'
COMMIT
DELETE FROM PAIS WHERE OID='40288193841cd42c01841cd4e84d0000'
COMMIT
DELETE FROM PAIS WHERE OID='ff808081841e790d01841e7be80c0000'
COMMIT
DELETE FROM PAIS WHERE OID='ff808081841e790d01841e7d50790003'
COMMIT
INSERT INTO PAIS VALUES('4028819384368576018436884f880000','Peru')
COMMIT
INSERT INTO PAIS VALUES('40288193843685760184368851660001','')
COMMIT
DELETE FROM PAIS WHERE OID='40288193843685760184368851660001'
COMMIT
DELETE FROM PERSONA WHERE OID='4028819384367c090184367e66be0000'
COMMIT
INSERT INTO PERSONA VALUES('402881938436857601843688ef1b0002','Gutierrez','Calles 57','Javier Rojo Gomez','Quintana Roo','Felipe Carrillo Puerto',NULL,'Angel',NULL,'Chile')
COMMIT
INSERT INTO PERSONA VALUES('402881938436857601843689c8ba0003','Cruz','Calle 58','Martinez Ross','Quintana Roo','Felipe Carrillo Puerto',NULL,'Gerardo',NULL,'Mexico')
COMMIT
INSERT INTO TRIPULACION VALUES('40288193843685760184368a213f0004','Tripulacion 1','4028819384367c090184367fac370003','4028819384368576018436884f880000')
COMMIT
DELETE FROM PAIS WHERE OID='ff808081841e790d01841e7c1bc30002'
COMMIT
INSERT INTO PAIS VALUES('40288193843685760184368a71f10005','Chiel')
COMMIT
